<?xml version="1.0" encoding="UTF-8"?>
<!-- Generated by org.testng.reporters.JUnitReportReporter -->
<testsuite hostname="hp-pc" name="Academy.HomePage" tests="2" failures="0" timestamp="14 Apr 2019 18:34:14 GMT" time="132.862" errors="0">
  <testcase name="basePageNavigation" time="75.358" classname="Academy.HomePage"/>
  <testcase name="basePageNavigation" time="57.504" classname="Academy.HomePage"/>
</testsuite> <!-- Academy.HomePage -->
